build/app/intermediates/manifest_merge_blame_file/release/manifest-merger-blame-release-report.txt
1<?xml version="1.0" encoding="utf-8"?>
2<manifest xmlns:android="http://schemas.android.com/apk/res/android"
3    package="com.example.order"
4    android:versionCode="1"
5    android:versionName="1.0.0" >
6
7    <uses-sdk
8        android:minSdkVersion="22"
8-->src\main\AndroidManifest.xml
9        android:targetSdkVersion="33" />
9-->src\main\AndroidManifest.xml
10
11    <uses-permission android:name="android.permission.INTERNET" />
11-->[:firebase_messaging] AndroidManifest.xml:9:5-67
11-->[:firebase_messaging] AndroidManifest.xml:9:22-64
12    <uses-permission android:name="android.permission.WAKE_LOCK" />
12-->[:firebase_messaging] AndroidManifest.xml:10:5-68
12-->[:firebase_messaging] AndroidManifest.xml:10:22-65
13    <uses-permission android:name="android.permission.ACCESS_NETWORK_STATE" /> <!-- Permissions options for the `notification` group -->
13-->[:firebase_messaging] AndroidManifest.xml:11:5-79
13-->[:firebase_messaging] AndroidManifest.xml:11:22-76
14    <uses-permission android:name="android.permission.POST_NOTIFICATIONS" />
14-->[:firebase_messaging] AndroidManifest.xml:13:5-77
14-->[:firebase_messaging] AndroidManifest.xml:13:22-74
15    <uses-permission android:name="android.permission.RECEIVE_BOOT_COMPLETED" />
15-->[:flutter_local_notifications] AndroidManifest.xml:9:5-81
15-->[:flutter_local_notifications] AndroidManifest.xml:9:22-78
16    <uses-permission android:name="android.permission.VIBRATE" />
16-->[:flutter_local_notifications] AndroidManifest.xml:10:5-66
16-->[:flutter_local_notifications] AndroidManifest.xml:10:22-63
17    <uses-permission android:name="android.permission.USE_FULL_SCREEN_INTENT" />
17-->[:flutter_local_notifications] AndroidManifest.xml:11:5-81
17-->[:flutter_local_notifications] AndroidManifest.xml:11:22-78
18    <uses-permission android:name="android.permission.SCHEDULE_EXACT_ALARM" /> <!-- Required by older versions of Google Play services to create IID tokens -->
18-->[:flutter_local_notifications] AndroidManifest.xml:12:5-79
18-->[:flutter_local_notifications] AndroidManifest.xml:12:22-76
19    <uses-permission android:name="com.google.android.c2dm.permission.RECEIVE" />
19-->[com.google.firebase:firebase-iid:21.1.0] AndroidManifest.xml:26:5-82
19-->[com.google.firebase:firebase-iid:21.1.0] AndroidManifest.xml:26:22-79
20    <uses-permission android:name="com.google.android.gms.permission.AD_ID" />
20-->[com.google.android.gms:play-services-measurement-api:21.3.0] AndroidManifest.xml:25:5-79
20-->[com.google.android.gms:play-services-measurement-api:21.3.0] AndroidManifest.xml:25:22-76
21    <uses-permission android:name="com.google.android.finsky.permission.BIND_GET_INSTALL_REFERRER_SERVICE" />
21-->[com.google.android.gms:play-services-measurement:21.3.0] AndroidManifest.xml:26:5-110
21-->[com.google.android.gms:play-services-measurement:21.3.0] AndroidManifest.xml:26:22-107
22
23    <permission
23-->[androidx.core:core:1.10.1] AndroidManifest.xml:22:5-24:47
24        android:name="com.example.order.DYNAMIC_RECEIVER_NOT_EXPORTED_PERMISSION"
24-->[androidx.core:core:1.10.1] AndroidManifest.xml:23:9-81
25        android:protectionLevel="signature" />
25-->[androidx.core:core:1.10.1] AndroidManifest.xml:24:9-44
26
27    <uses-permission android:name="com.example.order.DYNAMIC_RECEIVER_NOT_EXPORTED_PERMISSION" />
27-->[androidx.core:core:1.10.1] AndroidManifest.xml:26:5-97
27-->[androidx.core:core:1.10.1] AndroidManifest.xml:26:22-94
28
29    <application
30        android:name="android.app.Application"
30-->src\main\AndroidManifest.xml:5:9-42
31        android:appComponentFactory="androidx.core.app.CoreComponentFactory"
31-->[androidx.core:core:1.10.1] AndroidManifest.xml:28:18-86
32        android:icon="@mipmap/ic_launcher"
32-->src\main\AndroidManifest.xml:6:9-43
33        android:label="order"
33-->src\main\AndroidManifest.xml:4:9-30
34        android:usesCleartextTraffic="true" >
34-->src\main\AndroidManifest.xml:7:9-44
35        <activity
35-->src\main\AndroidManifest.xml:8:9-32:20
36            android:name="com.example.order.MainActivity"
36-->src\main\AndroidManifest.xml:9:13-41
37            android:configChanges="orientation|keyboardHidden|keyboard|screenSize|smallestScreenSize|locale|layoutDirection|fontScale|screenLayout|density|uiMode"
37-->src\main\AndroidManifest.xml:13:13-163
38            android:exported="true"
38-->src\main\AndroidManifest.xml:10:13-36
39            android:hardwareAccelerated="true"
39-->src\main\AndroidManifest.xml:14:13-47
40            android:launchMode="singleTop"
40-->src\main\AndroidManifest.xml:11:13-43
41            android:theme="@style/LaunchTheme"
41-->src\main\AndroidManifest.xml:12:13-47
42            android:windowSoftInputMode="adjustResize" >
42-->src\main\AndroidManifest.xml:15:13-55
43
44            <!--
45                 Specifies an Android theme to apply to this Activity as soon as
46                 the Android process has started. This theme is visible to the user
47                 while the Flutter UI initializes. After that, this theme continues
48                 to determine the Window background behind the Flutter UI.
49            -->
50            <meta-data
50-->src\main\AndroidManifest.xml:20:13-23:17
51                android:name="io.flutter.embedding.android.NormalTheme"
51-->src\main\AndroidManifest.xml:21:15-70
52                android:resource="@style/NormalTheme" />
52-->src\main\AndroidManifest.xml:22:15-52
53
54            <intent-filter>
54-->src\main\AndroidManifest.xml:24:13-27:29
55                <action android:name="android.intent.action.MAIN" />
55-->src\main\AndroidManifest.xml:25:17-68
55-->src\main\AndroidManifest.xml:25:25-66
56
57                <category android:name="android.intent.category.LAUNCHER" />
57-->src\main\AndroidManifest.xml:26:17-76
57-->src\main\AndroidManifest.xml:26:27-74
58            </intent-filter>
59            <intent-filter>
59-->src\main\AndroidManifest.xml:28:13-31:29
60                <action android:name="FLUTTER_NOTIFICATION_CLICK" />
60-->src\main\AndroidManifest.xml:29:18-70
60-->src\main\AndroidManifest.xml:29:26-67
61
62                <category android:name="android.intent.category.DEFAULT" />
62-->src\main\AndroidManifest.xml:30:17-76
62-->src\main\AndroidManifest.xml:30:27-73
63            </intent-filter>
64        </activity>
65        <!--
66             Don't delete the meta-data below.
67             This is used by the Flutter tool to generate GeneratedPluginRegistrant.java
68        -->
69        <meta-data
69-->src\main\AndroidManifest.xml:35:9-37:33
70            android:name="flutterEmbedding"
70-->src\main\AndroidManifest.xml:36:13-44
71            android:value="2" />
71-->src\main\AndroidManifest.xml:37:13-30
72
73        <service
73-->[:firebase_auth] AndroidManifest.xml:10:9-14:19
74            android:name="com.google.firebase.components.ComponentDiscoveryService"
74-->[:firebase_auth] AndroidManifest.xml:10:18-89
75            android:directBootAware="true"
75-->[com.google.firebase:firebase-common:20.3.3] AndroidManifest.xml:34:13-43
76            android:exported="false" >
76-->[com.google.firebase:firebase-auth:22.1.0] AndroidManifest.xml:68:13-37
77            <meta-data
77-->[:firebase_auth] AndroidManifest.xml:11:13-13:85
78                android:name="com.google.firebase.components:io.flutter.plugins.firebase.auth.FlutterFirebaseAuthRegistrar"
78-->[:firebase_auth] AndroidManifest.xml:12:17-124
79                android:value="com.google.firebase.components.ComponentRegistrar" />
79-->[:firebase_auth] AndroidManifest.xml:13:17-82
80            <meta-data
80-->[:firebase_database] AndroidManifest.xml:11:13-13:85
81                android:name="com.google.firebase.components:io.flutter.plugins.firebase.database.FlutterFirebaseAppRegistrar"
81-->[:firebase_database] AndroidManifest.xml:12:17-127
82                android:value="com.google.firebase.components.ComponentRegistrar" />
82-->[:firebase_database] AndroidManifest.xml:13:17-82
83            <meta-data
83-->[:firebase_storage] AndroidManifest.xml:11:13-13:85
84                android:name="com.google.firebase.components:io.flutter.plugins.firebase.storage.FlutterFirebaseAppRegistrar"
84-->[:firebase_storage] AndroidManifest.xml:12:17-126
85                android:value="com.google.firebase.components.ComponentRegistrar" />
85-->[:firebase_storage] AndroidManifest.xml:13:17-82
86            <meta-data
86-->[:cloud_firestore] AndroidManifest.xml:11:13-13:85
87                android:name="com.google.firebase.components:io.flutter.plugins.firebase.firestore.FlutterFirebaseFirestoreRegistrar"
87-->[:cloud_firestore] AndroidManifest.xml:12:17-134
88                android:value="com.google.firebase.components.ComponentRegistrar" />
88-->[:cloud_firestore] AndroidManifest.xml:13:17-82
89            <meta-data
89-->[:firebase_messaging] AndroidManifest.xml:38:13-40:85
90                android:name="com.google.firebase.components:io.flutter.plugins.firebase.messaging.FlutterFirebaseAppRegistrar"
90-->[:firebase_messaging] AndroidManifest.xml:39:17-128
91                android:value="com.google.firebase.components.ComponentRegistrar" />
91-->[:firebase_messaging] AndroidManifest.xml:40:17-82
92            <meta-data
92-->[:firebase_core] AndroidManifest.xml:11:13-13:85
93                android:name="com.google.firebase.components:io.flutter.plugins.firebase.core.FlutterFirebaseCoreRegistrar"
93-->[:firebase_core] AndroidManifest.xml:12:17-124
94                android:value="com.google.firebase.components.ComponentRegistrar" />
94-->[:firebase_core] AndroidManifest.xml:13:17-82
95            <meta-data
95-->[com.google.firebase:firebase-auth:22.1.0] AndroidManifest.xml:69:13-71:85
96                android:name="com.google.firebase.components:com.google.firebase.auth.FirebaseAuthRegistrar"
96-->[com.google.firebase:firebase-auth:22.1.0] AndroidManifest.xml:70:17-109
97                android:value="com.google.firebase.components.ComponentRegistrar" />
97-->[com.google.firebase:firebase-auth:22.1.0] AndroidManifest.xml:71:17-82
98            <meta-data
98-->[com.google.firebase:firebase-iid:21.1.0] AndroidManifest.xml:32:13-34:85
99                android:name="com.google.firebase.components:com.google.firebase.iid.Registrar"
99-->[com.google.firebase:firebase-iid:21.1.0] AndroidManifest.xml:33:17-96
100                android:value="com.google.firebase.components.ComponentRegistrar" />
100-->[com.google.firebase:firebase-iid:21.1.0] AndroidManifest.xml:34:17-82
101            <meta-data
101-->[com.google.firebase:firebase-firestore:24.7.0] AndroidManifest.xml:19:13-21:85
102                android:name="com.google.firebase.components:com.google.firebase.firestore.FirestoreRegistrar"
102-->[com.google.firebase:firebase-firestore:24.7.0] AndroidManifest.xml:20:17-111
103                android:value="com.google.firebase.components.ComponentRegistrar" />
103-->[com.google.firebase:firebase-firestore:24.7.0] AndroidManifest.xml:21:17-82
104            <meta-data
104-->[com.google.firebase:firebase-messaging:23.2.0] AndroidManifest.xml:55:13-57:85
105                android:name="com.google.firebase.components:com.google.firebase.messaging.FirebaseMessagingRegistrar"
105-->[com.google.firebase:firebase-messaging:23.2.0] AndroidManifest.xml:56:17-119
106                android:value="com.google.firebase.components.ComponentRegistrar" />
106-->[com.google.firebase:firebase-messaging:23.2.0] AndroidManifest.xml:57:17-82
107            <meta-data
107-->[com.google.firebase:firebase-storage:20.2.1] AndroidManifest.xml:32:13-34:85
108                android:name="com.google.firebase.components:com.google.firebase.storage.StorageRegistrar"
108-->[com.google.firebase:firebase-storage:20.2.1] AndroidManifest.xml:33:17-107
109                android:value="com.google.firebase.components.ComponentRegistrar" />
109-->[com.google.firebase:firebase-storage:20.2.1] AndroidManifest.xml:34:17-82
110            <meta-data
110-->[com.google.firebase:firebase-database:20.2.2] AndroidManifest.xml:31:13-33:85
111                android:name="com.google.firebase.components:com.google.firebase.database.DatabaseRegistrar"
111-->[com.google.firebase:firebase-database:20.2.2] AndroidManifest.xml:32:17-109
112                android:value="com.google.firebase.components.ComponentRegistrar" />
112-->[com.google.firebase:firebase-database:20.2.2] AndroidManifest.xml:33:17-82
113            <meta-data
113-->[com.google.android.gms:play-services-measurement-api:21.3.0] AndroidManifest.xml:31:13-33:85
114                android:name="com.google.firebase.components:com.google.firebase.analytics.connector.internal.AnalyticsConnectorRegistrar"
114-->[com.google.android.gms:play-services-measurement-api:21.3.0] AndroidManifest.xml:32:17-139
115                android:value="com.google.firebase.components.ComponentRegistrar" />
115-->[com.google.android.gms:play-services-measurement-api:21.3.0] AndroidManifest.xml:33:17-82
116            <meta-data
116-->[com.google.firebase:firebase-installations:17.1.3] AndroidManifest.xml:17:13-19:85
117                android:name="com.google.firebase.components:com.google.firebase.installations.FirebaseInstallationsRegistrar"
117-->[com.google.firebase:firebase-installations:17.1.3] AndroidManifest.xml:18:17-127
118                android:value="com.google.firebase.components.ComponentRegistrar" />
118-->[com.google.firebase:firebase-installations:17.1.3] AndroidManifest.xml:19:17-82
119            <meta-data
119-->[com.google.firebase:firebase-datatransport:18.1.7] AndroidManifest.xml:27:13-29:85
120                android:name="com.google.firebase.components:com.google.firebase.datatransport.TransportRegistrar"
120-->[com.google.firebase:firebase-datatransport:18.1.7] AndroidManifest.xml:28:17-115
121                android:value="com.google.firebase.components.ComponentRegistrar" />
121-->[com.google.firebase:firebase-datatransport:18.1.7] AndroidManifest.xml:29:17-82
122        </service>
123        <service
123-->[:firebase_messaging] AndroidManifest.xml:16:9-19:72
124            android:name="io.flutter.plugins.firebase.messaging.FlutterFirebaseMessagingBackgroundService"
124-->[:firebase_messaging] AndroidManifest.xml:17:13-107
125            android:exported="false"
125-->[:firebase_messaging] AndroidManifest.xml:18:13-37
126            android:permission="android.permission.BIND_JOB_SERVICE" />
126-->[:firebase_messaging] AndroidManifest.xml:19:13-69
127        <service
127-->[:firebase_messaging] AndroidManifest.xml:20:9-26:19
128            android:name="io.flutter.plugins.firebase.messaging.FlutterFirebaseMessagingService"
128-->[:firebase_messaging] AndroidManifest.xml:21:13-97
129            android:exported="false" >
129-->[:firebase_messaging] AndroidManifest.xml:22:13-37
130            <intent-filter>
130-->[:firebase_messaging] AndroidManifest.xml:23:13-25:29
131                <action android:name="com.google.firebase.MESSAGING_EVENT" />
131-->[:firebase_messaging] AndroidManifest.xml:24:17-78
131-->[:firebase_messaging] AndroidManifest.xml:24:25-75
132            </intent-filter>
133        </service>
134
135        <receiver
135-->[:firebase_messaging] AndroidManifest.xml:28:9-35:20
136            android:name="io.flutter.plugins.firebase.messaging.FlutterFirebaseMessagingReceiver"
136-->[:firebase_messaging] AndroidManifest.xml:29:13-98
137            android:exported="true"
137-->[:firebase_messaging] AndroidManifest.xml:30:13-36
138            android:permission="com.google.android.c2dm.permission.SEND" >
138-->[:firebase_messaging] AndroidManifest.xml:31:13-73
139            <intent-filter>
139-->[:firebase_messaging] AndroidManifest.xml:32:13-34:29
140                <action android:name="com.google.android.c2dm.intent.RECEIVE" />
140-->[:firebase_messaging] AndroidManifest.xml:33:17-81
140-->[:firebase_messaging] AndroidManifest.xml:33:25-78
141            </intent-filter>
142        </receiver>
143
144        <provider
144-->[:firebase_messaging] AndroidManifest.xml:43:9-47:38
145            android:name="io.flutter.plugins.firebase.messaging.FlutterFirebaseMessagingInitProvider"
145-->[:firebase_messaging] AndroidManifest.xml:44:13-102
146            android:authorities="com.example.order.flutterfirebasemessaginginitprovider"
146-->[:firebase_messaging] AndroidManifest.xml:45:13-88
147            android:exported="false"
147-->[:firebase_messaging] AndroidManifest.xml:46:13-37
148            android:initOrder="99" />
148-->[:firebase_messaging] AndroidManifest.xml:47:13-35
149        <provider
149-->[:image_picker_android] AndroidManifest.xml:10:9-18:20
150            android:name="io.flutter.plugins.imagepicker.ImagePickerFileProvider"
150-->[:image_picker_android] AndroidManifest.xml:11:13-82
151            android:authorities="com.example.order.flutter.image_provider"
151-->[:image_picker_android] AndroidManifest.xml:12:13-74
152            android:exported="false"
152-->[:image_picker_android] AndroidManifest.xml:13:13-37
153            android:grantUriPermissions="true" >
153-->[:image_picker_android] AndroidManifest.xml:14:13-47
154            <meta-data
154-->[:image_picker_android] AndroidManifest.xml:15:13-17:75
155                android:name="android.support.FILE_PROVIDER_PATHS"
155-->[:image_picker_android] AndroidManifest.xml:16:17-67
156                android:resource="@xml/flutter_image_picker_file_paths" />
156-->[:image_picker_android] AndroidManifest.xml:17:17-72
157        </provider>
158
159        <receiver
159-->[:flutter_local_notifications] AndroidManifest.xml:16:9-18:40
160            android:name="com.dexterous.flutterlocalnotifications.ActionBroadcastReceiver"
160-->[:flutter_local_notifications] AndroidManifest.xml:17:13-91
161            android:exported="false" />
161-->[:flutter_local_notifications] AndroidManifest.xml:18:13-37
162        <receiver
162-->[:flutter_local_notifications] AndroidManifest.xml:19:9-21:40
163            android:name="com.dexterous.flutterlocalnotifications.ScheduledNotificationReceiver"
163-->[:flutter_local_notifications] AndroidManifest.xml:20:13-97
164            android:exported="false" />
164-->[:flutter_local_notifications] AndroidManifest.xml:21:13-37
165        <receiver
165-->[:flutter_local_notifications] AndroidManifest.xml:22:9-31:20
166            android:name="com.dexterous.flutterlocalnotifications.ScheduledNotificationBootReceiver"
166-->[:flutter_local_notifications] AndroidManifest.xml:23:13-101
167            android:exported="false" >
167-->[:flutter_local_notifications] AndroidManifest.xml:24:13-37
168            <intent-filter>
168-->[:flutter_local_notifications] AndroidManifest.xml:25:13-30:29
169                <action android:name="android.intent.action.BOOT_COMPLETED" />
169-->[:flutter_local_notifications] AndroidManifest.xml:26:17-79
169-->[:flutter_local_notifications] AndroidManifest.xml:26:25-76
170                <action android:name="android.intent.action.MY_PACKAGE_REPLACED" />
170-->[:flutter_local_notifications] AndroidManifest.xml:27:17-84
170-->[:flutter_local_notifications] AndroidManifest.xml:27:25-81
171                <action android:name="android.intent.action.QUICKBOOT_POWERON" />
171-->[:flutter_local_notifications] AndroidManifest.xml:28:17-82
171-->[:flutter_local_notifications] AndroidManifest.xml:28:25-79
172                <action android:name="com.htc.intent.action.QUICKBOOT_POWERON" />
172-->[:flutter_local_notifications] AndroidManifest.xml:29:17-82
172-->[:flutter_local_notifications] AndroidManifest.xml:29:25-79
173            </intent-filter>
174        </receiver>
175
176        <activity
176-->[com.google.firebase:firebase-auth:22.1.0] AndroidManifest.xml:29:9-46:20
177            android:name="com.google.firebase.auth.internal.GenericIdpActivity"
177-->[com.google.firebase:firebase-auth:22.1.0] AndroidManifest.xml:30:13-80
178            android:excludeFromRecents="true"
178-->[com.google.firebase:firebase-auth:22.1.0] AndroidManifest.xml:31:13-46
179            android:exported="true"
179-->[com.google.firebase:firebase-auth:22.1.0] AndroidManifest.xml:32:13-36
180            android:launchMode="singleTask"
180-->[com.google.firebase:firebase-auth:22.1.0] AndroidManifest.xml:33:13-44
181            android:theme="@android:style/Theme.Translucent.NoTitleBar" >
181-->[com.google.firebase:firebase-auth:22.1.0] AndroidManifest.xml:34:13-72
182            <intent-filter>
182-->[com.google.firebase:firebase-auth:22.1.0] AndroidManifest.xml:35:13-45:29
183                <action android:name="android.intent.action.VIEW" />
183-->[com.google.firebase:firebase-auth:22.1.0] AndroidManifest.xml:36:17-69
183-->[com.google.firebase:firebase-auth:22.1.0] AndroidManifest.xml:36:25-66
184
185                <category android:name="android.intent.category.DEFAULT" />
185-->src\main\AndroidManifest.xml:30:17-76
185-->src\main\AndroidManifest.xml:30:27-73
186                <category android:name="android.intent.category.BROWSABLE" />
186-->[com.google.firebase:firebase-auth:22.1.0] AndroidManifest.xml:39:17-78
186-->[com.google.firebase:firebase-auth:22.1.0] AndroidManifest.xml:39:27-75
187
188                <data
188-->[com.google.firebase:firebase-auth:22.1.0] AndroidManifest.xml:41:17-44:51
189                    android:host="firebase.auth"
189-->[com.google.firebase:firebase-auth:22.1.0] AndroidManifest.xml:42:21-49
190                    android:path="/"
190-->[com.google.firebase:firebase-auth:22.1.0] AndroidManifest.xml:43:21-37
191                    android:scheme="genericidp" />
191-->[com.google.firebase:firebase-auth:22.1.0] AndroidManifest.xml:44:21-48
192            </intent-filter>
193        </activity>
194        <activity
194-->[com.google.firebase:firebase-auth:22.1.0] AndroidManifest.xml:47:9-64:20
195            android:name="com.google.firebase.auth.internal.RecaptchaActivity"
195-->[com.google.firebase:firebase-auth:22.1.0] AndroidManifest.xml:48:13-79
196            android:excludeFromRecents="true"
196-->[com.google.firebase:firebase-auth:22.1.0] AndroidManifest.xml:49:13-46
197            android:exported="true"
197-->[com.google.firebase:firebase-auth:22.1.0] AndroidManifest.xml:50:13-36
198            android:launchMode="singleTask"
198-->[com.google.firebase:firebase-auth:22.1.0] AndroidManifest.xml:51:13-44
199            android:theme="@android:style/Theme.Translucent.NoTitleBar" >
199-->[com.google.firebase:firebase-auth:22.1.0] AndroidManifest.xml:52:13-72
200            <intent-filter>
200-->[com.google.firebase:firebase-auth:22.1.0] AndroidManifest.xml:53:13-63:29
201                <action android:name="android.intent.action.VIEW" />
201-->[com.google.firebase:firebase-auth:22.1.0] AndroidManifest.xml:36:17-69
201-->[com.google.firebase:firebase-auth:22.1.0] AndroidManifest.xml:36:25-66
202
203                <category android:name="android.intent.category.DEFAULT" />
203-->src\main\AndroidManifest.xml:30:17-76
203-->src\main\AndroidManifest.xml:30:27-73
204                <category android:name="android.intent.category.BROWSABLE" />
204-->[com.google.firebase:firebase-auth:22.1.0] AndroidManifest.xml:39:17-78
204-->[com.google.firebase:firebase-auth:22.1.0] AndroidManifest.xml:39:27-75
205
206                <data
206-->[com.google.firebase:firebase-auth:22.1.0] AndroidManifest.xml:41:17-44:51
207                    android:host="firebase.auth"
207-->[com.google.firebase:firebase-auth:22.1.0] AndroidManifest.xml:42:21-49
208                    android:path="/"
208-->[com.google.firebase:firebase-auth:22.1.0] AndroidManifest.xml:43:21-37
209                    android:scheme="recaptcha" />
209-->[com.google.firebase:firebase-auth:22.1.0] AndroidManifest.xml:44:21-48
210            </intent-filter>
211        </activity>
212
213        <receiver
213-->[com.google.firebase:firebase-messaging:23.2.0] AndroidManifest.xml:31:9-38:20
214            android:name="com.google.firebase.iid.FirebaseInstanceIdReceiver"
214-->[com.google.firebase:firebase-messaging:23.2.0] AndroidManifest.xml:32:13-78
215            android:exported="true"
215-->[com.google.firebase:firebase-messaging:23.2.0] AndroidManifest.xml:33:13-36
216            android:permission="com.google.android.c2dm.permission.SEND" >
216-->[com.google.firebase:firebase-messaging:23.2.0] AndroidManifest.xml:34:13-73
217            <intent-filter>
217-->[:firebase_messaging] AndroidManifest.xml:32:13-34:29
218                <action android:name="com.google.android.c2dm.intent.RECEIVE" />
218-->[:firebase_messaging] AndroidManifest.xml:33:17-81
218-->[:firebase_messaging] AndroidManifest.xml:33:25-78
219            </intent-filter>
220        </receiver>
221        <!--
222             FirebaseMessagingService performs security checks at runtime,
223             but set to not exported to explicitly avoid allowing another app to call it.
224        -->
225        <service
225-->[com.google.firebase:firebase-messaging:23.2.0] AndroidManifest.xml:44:9-51:19
226            android:name="com.google.firebase.messaging.FirebaseMessagingService"
226-->[com.google.firebase:firebase-messaging:23.2.0] AndroidManifest.xml:45:13-82
227            android:directBootAware="true"
227-->[com.google.firebase:firebase-messaging:23.2.0] AndroidManifest.xml:46:13-43
228            android:exported="false" >
228-->[com.google.firebase:firebase-messaging:23.2.0] AndroidManifest.xml:47:13-37
229            <intent-filter android:priority="-500" >
229-->[:firebase_messaging] AndroidManifest.xml:23:13-25:29
230                <action android:name="com.google.firebase.MESSAGING_EVENT" />
230-->[:firebase_messaging] AndroidManifest.xml:24:17-78
230-->[:firebase_messaging] AndroidManifest.xml:24:25-75
231            </intent-filter>
232        </service>
233
234        <provider
234-->[com.google.firebase:firebase-common:20.3.3] AndroidManifest.xml:25:9-30:39
235            android:name="com.google.firebase.provider.FirebaseInitProvider"
235-->[com.google.firebase:firebase-common:20.3.3] AndroidManifest.xml:26:13-77
236            android:authorities="com.example.order.firebaseinitprovider"
236-->[com.google.firebase:firebase-common:20.3.3] AndroidManifest.xml:27:13-72
237            android:directBootAware="true"
237-->[com.google.firebase:firebase-common:20.3.3] AndroidManifest.xml:28:13-43
238            android:exported="false"
238-->[com.google.firebase:firebase-common:20.3.3] AndroidManifest.xml:29:13-37
239            android:initOrder="100" />
239-->[com.google.firebase:firebase-common:20.3.3] AndroidManifest.xml:30:13-36
240
241        <receiver
241-->[com.google.android.gms:play-services-measurement:21.3.0] AndroidManifest.xml:29:9-33:20
242            android:name="com.google.android.gms.measurement.AppMeasurementReceiver"
242-->[com.google.android.gms:play-services-measurement:21.3.0] AndroidManifest.xml:30:13-85
243            android:enabled="true"
243-->[com.google.android.gms:play-services-measurement:21.3.0] AndroidManifest.xml:31:13-35
244            android:exported="false" >
244-->[com.google.android.gms:play-services-measurement:21.3.0] AndroidManifest.xml:32:13-37
245        </receiver>
246
247        <service
247-->[com.google.android.gms:play-services-measurement:21.3.0] AndroidManifest.xml:35:9-38:40
248            android:name="com.google.android.gms.measurement.AppMeasurementService"
248-->[com.google.android.gms:play-services-measurement:21.3.0] AndroidManifest.xml:36:13-84
249            android:enabled="true"
249-->[com.google.android.gms:play-services-measurement:21.3.0] AndroidManifest.xml:37:13-35
250            android:exported="false" />
250-->[com.google.android.gms:play-services-measurement:21.3.0] AndroidManifest.xml:38:13-37
251        <service
251-->[com.google.android.gms:play-services-measurement:21.3.0] AndroidManifest.xml:39:9-43:72
252            android:name="com.google.android.gms.measurement.AppMeasurementJobService"
252-->[com.google.android.gms:play-services-measurement:21.3.0] AndroidManifest.xml:40:13-87
253            android:enabled="true"
253-->[com.google.android.gms:play-services-measurement:21.3.0] AndroidManifest.xml:41:13-35
254            android:exported="false"
254-->[com.google.android.gms:play-services-measurement:21.3.0] AndroidManifest.xml:42:13-37
255            android:permission="android.permission.BIND_JOB_SERVICE" />
255-->[com.google.android.gms:play-services-measurement:21.3.0] AndroidManifest.xml:43:13-69
256
257        <activity
257-->[com.google.android.gms:play-services-base:18.1.0] AndroidManifest.xml:20:9-22:45
258            android:name="com.google.android.gms.common.api.GoogleApiActivity"
258-->[com.google.android.gms:play-services-base:18.1.0] AndroidManifest.xml:20:19-85
259            android:exported="false"
259-->[com.google.android.gms:play-services-base:18.1.0] AndroidManifest.xml:22:19-43
260            android:theme="@android:style/Theme.Translucent.NoTitleBar" />
260-->[com.google.android.gms:play-services-base:18.1.0] AndroidManifest.xml:21:19-78
261
262        <meta-data
262-->[com.google.android.gms:play-services-basement:18.1.0] AndroidManifest.xml:21:9-23:69
263            android:name="com.google.android.gms.version"
263-->[com.google.android.gms:play-services-basement:18.1.0] AndroidManifest.xml:22:13-58
264            android:value="@integer/google_play_services_version" />
264-->[com.google.android.gms:play-services-basement:18.1.0] AndroidManifest.xml:23:13-66
265
266        <uses-library
266-->[androidx.window:window:1.0.0-beta04] AndroidManifest.xml:25:9-27:40
267            android:name="androidx.window.extensions"
267-->[androidx.window:window:1.0.0-beta04] AndroidManifest.xml:26:13-54
268            android:required="false" />
268-->[androidx.window:window:1.0.0-beta04] AndroidManifest.xml:27:13-37
269        <uses-library
269-->[androidx.window:window:1.0.0-beta04] AndroidManifest.xml:28:9-30:40
270            android:name="androidx.window.sidecar"